<?xml version="1.0" encoding="UTF-8"?>
<!-- Generated by org.testng.reporters.JUnitReportReporter -->
<testsuite skipped="0" hostname="DESKTOP-V7C7E14" name="sam.mas.B" tests="1" failures="0" timestamp="05 Mar 2020 10:16:12 GMT" time="0.011" errors="0">
  <testcase name="tc1" time="0.011" classname="sam.mas.B"/>
</testsuite> <!-- sam.mas.B -->
